Build started 09/04/2014 17:33:52.
     1>Project "C:\ProgramsTanis\IIT\VS\RBDemo\nearThingsDetector\build\detectNear.vcxproj" on node 2 (build target(s)).
     1>PrepareForBuild:
         Creating directory "C:\ProgramsTanis\IIT\VS\RBDemo\nearThingsDetector\build\bin\Debug\".
       InitializeBuildStatus:
         Creating "detectNear.dir\Debug\detectNear.unsuccessfulbuild" because "AlwaysCreate" was specified.
       CustomBuild:
         Building Custom Rule C:/ProgramsTanis/IIT/VS/RBDemo/nearThingsDetector/CMakeLists.txt
         CMake does not need to re-run because C:\ProgramsTanis\IIT\VS\RBDemo\nearThingsDetector\build\CMakeFiles\generate.stamp is up-to-date.
       ClCompile:
         c:\Program Files (x86)\Microsoft Visual Studio 10.0\VC\bin\CL.exe /c /IC:/ProgramsTanis/IIT/VS/RBDemo/nearThingsDetector /IC:/ProgramsTanis/IIT/VS/RBDemo/nearThingsDetector/include /IC:/ProgramsTanis/robotology/yarp/build/generated_include /IC:/ProgramsTanis/robotology/yarp/src/libYARP_OS/include /IC:/ProgramsTanis/robotology/yarp/src/libYARP_sig/include /IC:/ProgramsTanis/robotology/yarp/src/libYARP_math/include /IC:/ProgramsTanis/robotology/yarp/src/libYARP_dev/include /IC:/ProgramsTanis/robotology/yarp/src/libYARP_name/include /IC:/ProgramsTanis/robotology/yarp/src/yarpserver/include /IC:/ProgramsTanis/robotology/yarp/src/yarpmanager/libymanager/include /IC:/ProgramsTanis/robotology/iCub/include /IC:/ProgramsTanis/robotology/opencv/build/include /IC:/ProgramsTanis/robotology/opencv/build/include/opencv /I"C:/ProgramsTanis/robotology/gsl-1.14/include" /Zi /nologo /W3 /WX- /Od /Ob0 /Oy- /D WIN32 /D _WINDOWS /D _DEBUG /D "CMAKE_INTDIR=\"Debug\"" /D _MBCS /Gm- /EHsc /RTC1 /MDd /GS /fp:precise /Zc:wchar_t /Zc:forScope /GR /Fo"detectNear.dir\Debug\\" /Fd"C:/ProgramsTanis/IIT/VS/RBDemo/nearThingsDetector/build/bin/Debug/detectNear.pdb" /Gd /TP /analyze- /errorReport:prompt ..\src\detectNear.cpp ..\src\detectNear_starter.cpp
         detectNear.cpp
     1>c:\programstanis\robotology\opencv\build\include\opencv2\flann\logger.h(66): warning C4996: 'fopen': This function or variable may be unsafe. Consider using fopen_s instead. To disable deprecation, use _CRT_SECURE_NO_WARNINGS. See online help for details.
                 c:\Program Files (x86)\Microsoft Visual Studio 10.0\VC\include\stdio.h(234) : see declaration of 'fopen'
         detectNear_starter.cpp
         Generating Code...
       ManifestResourceCompile:
         c:\Program Files (x86)\Microsoft SDKs\Windows\v7.0A\bin\rc.exe /nologo /fo"detectNear.dir\Debug\detectNear.exe.embed.manifest.res" detectNear.dir\Debug\detectNear_manifest.rc 
       Link:
         c:\Program Files (x86)\Microsoft Visual Studio 10.0\VC\bin\link.exe /ERRORREPORT:PROMPT /OUT:"C:\ProgramsTanis\IIT\VS\RBDemo\nearThingsDetector\build\bin\Debug\detectNear.exe" /INCREMENTAL /NOLOGO /LIBPATH:C:/ProgramsTanis/robotology/opencv/build/x86/vc10/lib /LIBPATH:C:/ProgramsTanis/robotology/opencv/build/x86/vc10/lib/Debug kernel32.lib user32.lib gdi32.lib winspool.lib shell32.lib ole32.lib oleaut32.lib uuid.lib comdlg32.lib advapi32.lib C:\ProgramsTanis\robotology\iCub\lib\iCubIDLClients.lib C:\ProgramsTanis\robotology\iCub\lib\iCubDev.lib C:\ProgramsTanis\robotology\iCub\lib\iCubVis.lib C:\ProgramsTanis\robotology\iCub\lib\logpolar.lib C:\ProgramsTanis\robotology\iCub\lib\boostMIL.lib C:\ProgramsTanis\robotology\iCub\lib\ctrlLib.lib C:\ProgramsTanis\robotology\iCub\lib\skinDynLib.lib C:\ProgramsTanis\robotology\iCub\lib\iKin.lib C:\ProgramsTanis\robotology\iCub\lib\iDyn.lib C:\ProgramsTanis\robotology\iCub\lib\learningMachine.lib C:\ProgramsTanis\robotology\iCub\lib\perceptiveModels.lib C:\ProgramsTanis\robotology\iCub\lib\actionPrimitives.lib C:\ProgramsTanis\robotology\iCub\lib\debugStream.lib C:\ProgramsTanis\robotology\iCub\lib\canmotioncontrol.lib C:\ProgramsTanis\robotology\iCub\lib\cartesiancontrollerserver.lib C:\ProgramsTanis\robotology\iCub\lib\cartesiancontrollerclient.lib C:\ProgramsTanis\robotology\iCub\lib\gazecontrollerclient.lib C:\ProgramsTanis\robotology\iCub\lib\parametricCalibrator.lib C:\ProgramsTanis\robotology\iCub\lib\debugInterfaceClient.lib C:\ProgramsTanis\robotology\iCub\lib\controlboardwrapper2.lib C:\ProgramsTanis\robotology\iCub\lib\icubmod.lib C:\ProgramsTanis\robotology\iCub\lib\d4c.lib C:\ProgramsTanis\robotology\iCub\lib\optimization.lib C:\ProgramsTanis\robotology\iCub\lib\lib0.lib C:\ProgramsTanis\robotology\iCub\lib\lib1.lib C:\ProgramsTanis\robotology\iCub\lib\sharksWithLasers.lib C:\ProgramsTanis\robotology\iCub\lib\canLoaderLib.lib C:\ProgramsTanis\robotology\yarp\build\lib\Debug\YARP_OSd.lib C:\ProgramsTanis\robotology\yarp\build\lib\Debug\YARP_sigd.lib C:\ProgramsTanis\robotology\yarp\build\lib\Debug\YARP_mathd.lib C:\ProgramsTanis\robotology\yarp\build\lib\Debug\YARP_devd.lib C:\ProgramsTanis\robotology\yarp\build\lib\Debug\YARP_named.lib C:\ProgramsTanis\robotology\yarp\build\lib\Debug\YARP_initd.lib thrift3D.lib opencv_videostab.lib opencv_video.lib opencv_ts.lib opencv_superres.lib opencv_stitching.lib opencv_photo.lib opencv_ocl.lib opencv_objdetect.lib opencv_nonfree.lib opencv_ml.lib opencv_legacy.lib opencv_imgproc.lib opencv_highgui.lib opencv_gpu.lib opencv_flann.lib opencv_features2d.lib opencv_core.lib opencv_contrib.lib opencv_calib3d.lib C:\ProgramsTanis\robotology\iCub\lib\skinDynLib.lib C:\ProgramsTanis\robotology\iCub\lib\perceptiveModels.lib C:\ProgramsTanis\robotology\iCub\lib\learningMachine.lib C:\ProgramsTanis\robotology\iCub\lib\icubmod.lib C:\ProgramsTanis\robotology\iCub\lib\canmotioncontrol.lib C:\ProgramsTanis\robotology\iCub\lib\iCubDev.lib C:\ProgramsTanis\robotology\iCub\lib\cartesiancontrollerserver.lib C:\ProgramsTanis\robotology\iCub\lib\cartesiancontrollerclient.lib C:\ProgramsTanis\robotology\iCub\lib\iKin.lib C:\ProgramsTanis\robotology\iCub\lib\gazecontrollerclient.lib C:\ProgramsTanis\robotology\iCub\lib\parametricCalibrator.lib C:\ProgramsTanis\robotology\iCub\lib\debugStream.lib C:\ProgramsTanis\robotology\iCub\lib\debugInterfaceClient.lib C:\ProgramsTanis\robotology\iCub\lib\controlboardwrapper2.lib C:\ProgramsTanis\robotology\iCub\lib\ctrlLib.lib "C:\ProgramsTanis\robotology\gsl-1.14\lib\gsl.lib" "C:\ProgramsTanis\robotology\gsl-1.14\lib\gslcblas.lib" "C:\ProgramsTanis\robotology\ipopt-3.10.1\lib\libipopt.lib" C:\ProgramsTanis\robotology\iCub\lib\lib0.lib C:\ProgramsTanis\robotology\yarp\build\lib\Debug\YARP_mathd.lib C:\ProgramsTanis\robotology\yarp\build\lib\Debug\YARP_devd.lib C:\ProgramsTanis\robotology\yarp\build\lib\Debug\YARP_sigd.lib C:\ProgramsTanis\robotology\yarp\build\lib\Debug\YARP_named.lib C:\ProgramsTanis\robotology\yarp\build\lib\Debug\YARP_initd.lib C:\ProgramsTanis\robotology\yarp\build\lib\Debug\YARP_OSd.lib "C:\ProgramsTanis\robotology\ace-6.1.0\lib\ACE.lib" winmm.lib /MANIFEST /ManifestFile:"detectNear.dir\Debug\detectNear.exe.intermediate.manifest" /MANIFESTUAC:"level='asInvoker' uiAccess='false'" /DEBUG /PDB:"C:/ProgramsTanis/IIT/VS/RBDemo/nearThingsDetector/build/bin/Debug/detectNear.pdb" /SUBSYSTEM:CONSOLE /TLBID:1 /DYNAMICBASE /NXCOMPAT /IMPLIB:"C:/ProgramsTanis/IIT/VS/RBDemo/nearThingsDetector/build/bin/Debug/detectNear.lib" /MACHINE:X86 detectNear.dir\Debug\detectNear.exe.embed.manifest.res
         detectNear.dir\Debug\detectNear.obj
         detectNear.dir\Debug\detectNear_starter.obj  /machine:X86 /debug 
     1>LINK : fatal error LNK1104: cannot open file 'thrift3D.lib'
     1>Done Building Project "C:\ProgramsTanis\IIT\VS\RBDemo\nearThingsDetector\build\detectNear.vcxproj" (build target(s)) -- FAILED.

Build FAILED.

Time Elapsed 00:00:04.33
